[debug] [2023-01-26T23:48:36.070Z] ----------------------------------------------------------------------
[debug] [2023-01-26T23:48:36.071Z] Command:       /home/gitpod/.nvm/versions/node/v16.19.0/bin/node /home/gitpod/.nvm/versions/node/v16.19.0/bin/firebase login
[debug] [2023-01-26T23:48:36.072Z] CLI Version:   11.21.0
[debug] [2023-01-26T23:48:36.072Z] Platform:      linux
[debug] [2023-01-26T23:48:36.072Z] Node Version:  v16.19.0
[debug] [2023-01-26T23:48:36.072Z] Time:          Thu Jan 26 2023 23:48:36 GMT+0000 (Coordinated Universal Time)
[debug] [2023-01-26T23:48:36.073Z] ----------------------------------------------------------------------
[debug] 
[debug] [2023-01-26T23:48:36.075Z] >>> [apiv2][query] GET https://firebase-public.firebaseio.com/cli.json [none]
[info] i  Firebase optionally collects CLI and Emulator Suite usage and error reporting information to help improve our products. Data is collected in accordance with Google's privacy policy (https://policies.google.com/privacy) and is not used to identify you.
 
[debug] [2023-01-26T23:48:36.336Z] <<< [apiv2][status] GET https://firebase-public.firebaseio.com/cli.json 200
[debug] [2023-01-26T23:48:36.336Z] <<< [apiv2][body] GET https://firebase-public.firebaseio.com/cli.json {"cloudBuildErrorAfter":1594252800000,"cloudBuildWarnAfter":1590019200000,"defaultNode10After":1594252800000,"minVersion":"3.0.5","node8DeploysDisabledAfter":1613390400000,"node8RuntimeDisabledAfter":1615809600000,"node8WarnAfter":1600128000000}
[info] i  To change your data collection preference at any time, run `firebase logout` and log in again. 
[info] 
[info] Visit this URL on this device to log in:
[info] https://accounts.google.com/o/oauth2/auth?client_id=563584335869-fgrhgmd47bqnekij5i8b5pr03ho849e6.apps.googleusercontent.com&scope=email%20openid%20https%3A%2F%2Fwww.googleapis.com%2Fauth%2Fcloudplatformprojects.readonly%20https%3A%2F%2Fwww.googleapis.com%2Fauth%2Ffirebase%20https%3A%2F%2Fwww.googleapis.com%2Fauth%2Fcloud-platform&response_type=code&state=824418269&redirect_uri=http%3A%2F%2Flocalhost%3A9005
[info] 
[info] Waiting for authentication...
[debug] [2023-01-26T23:48:43.766Z] >>> [apiv2][query] POST https://auth.firebase.tools/attest [none]
[debug] [2023-01-26T23:48:43.766Z] >>> [apiv2][body] POST https://auth.firebase.tools/attest {"session_id":"f74d4a48-1766-438e-b41f-5401ca61740d"}
[debug] [2023-01-26T23:48:44.234Z] <<< [apiv2][status] POST https://auth.firebase.tools/attest 200
[debug] [2023-01-26T23:48:44.234Z] <<< [apiv2][body] POST https://auth.firebase.tools/attest {"token":"_RVcQF-7Tzde7CU2rPlHvC63VcLyUtbvhQdEY924P5Y"}
[info] 
[info] To sign in to the Firebase CLI:
[info] 
[info] 1. Take note of your session ID:
[info] 
[info]    F74D4
[info] 
[info] 2. Visit the URL below on any device and follow the instructions to get your code:
[info] 
[info]    https://auth.firebase.tools/login?code_challenge=mmgzEQ11pU6iXNBBMENLBWIVWn5XWqj834uhW4r5Fic&session=f74d4a48-1766-438e-b41f-5401ca61740d&attest=_RVcQF-7Tzde7CU2rPlHvC63VcLyUtbvhQdEY924P5Y
[info] 
[info] 3. Paste or enter the authorization code below once you have it:
[info] 
